<?xml version="1.0" encoding="UTF-8"?>
<!-- Generated by org.testng.reporters.JUnitReportReporter -->
<testsuite skipped="0" hostname="CHDSEZ318971D" name="testPackage.NewTest02" tests="1" failures="0" timestamp="21 Nov 2017 09:54:32 GMT" time="0.001" errors="0">
  <testcase name="f1" time="0.001" classname="testPackage.NewTest02"/>
</testsuite> <!-- testPackage.NewTest02 -->
