<?xml version="1.0" encoding="UTF-8"?>
<!-- Generated by org.testng.reporters.JUnitReportReporter -->
<testsuite skipped="0" hostname="CHDSEZ318971D" name="testPackage.testClass" tests="1" failures="0" timestamp="05 Dec 2017 09:17:59 GMT" time="7.246" errors="0">
  <testcase name="windowSwitch" time="7.246" classname="testPackage.testClass"/>
</testsuite> <!-- testPackage.testClass -->
