<?xml version="1.0" encoding="UTF-8"?>
<!-- Generated by org.testng.reporters.JUnitReportReporter -->
<testsuite skipped="0" hostname="CHDSEZ318971D" name="testPackage.NewTest01" tests="1" failures="0" timestamp="21 Nov 2017 09:54:32 GMT" time="0.012" errors="0">
  <testcase name="f" time="0.012" classname="testPackage.NewTest01"/>
</testsuite> <!-- testPackage.NewTest01 -->
